{
  "stats": {
    "suites": 3,
    "tests": 4,
    "passes": 4,
    "pending": 0,
    "failures": 0,
    "start": "2023-01-10T14:06:47.866Z",
    "end": "2023-01-10T14:07:58.861Z",
    "duration": 70995,
    "testsRegistered": 4,
    "passPercent": 100,
    "pendingPercent": 0,
    "other": 0,
    "hasOther": false,
    "skipped": 0,
    "hasSkipped": false
  },
  "results": [
    {
      "uuid": "afb1c73b-8cb4-484a-9f91-16e4f1437bc4",
      "title": "",
      "fullFile": "",
      "file": "",
      "beforeHooks": [],
      "afterHooks": [],
      "tests": [],
      "suites": [
        {
          "uuid": "8aaef5bd-44bf-43ed-b014-3cb61f143fed",
          "title": "Login",
          "fullFile": "C:\\Users\\TESTING COMPANY\\Desktop\\testeAutomatizacaoAndroid\\features\\basic.feature",
          "file": "\\features\\basic.feature",
          "beforeHooks": [
            {
              "title": "\"before all\" hook: codeceptjs.beforeSuite in \"Login\"",
              "fullTitle": "Login \"before all\" hook: codeceptjs.beforeSuite in \"Login\"",
              "timedOut": false,
              "duration": 2,
              "state": null,
              "speed": null,
              "pass": false,
              "fail": false,
              "pending": false,
              "context": null,
              "code": "scenario.suiteSetup(suite)",
              "err": {},
              "uuid": "5d3eed11-3f72-4b14-986b-dd3cfda3dbe9",
              "parentUUID": "8aaef5bd-44bf-43ed-b014-3cb61f143fed",
              "isHook": true,
              "skipped": false
            },
            {
              "title": "\"before each\" hook: codeceptjs.before in \"Login\"",
              "fullTitle": "Login \"before each\" hook: codeceptjs.before in \"Login\"",
              "timedOut": false,
              "duration": 10814,
              "state": null,
              "speed": null,
              "pass": false,
              "fail": false,
              "pending": false,
              "context": null,
              "code": "scenario.setup(suite)",
              "err": {},
              "uuid": "c67adbfe-cf9d-4e35-a24f-e5a0462afaa4",
              "parentUUID": "8aaef5bd-44bf-43ed-b014-3cb61f143fed",
              "isHook": true,
              "skipped": false
            }
          ],
          "afterHooks": [
            {
              "title": "\"after all\" hook: codeceptjs.afterSuite in \"Login\"",
              "fullTitle": "Login \"after all\" hook: codeceptjs.afterSuite in \"Login\"",
              "timedOut": false,
              "duration": 0,
              "state": null,
              "speed": null,
              "pass": false,
              "fail": false,
              "pending": false,
              "context": null,
              "code": "scenario.suiteTeardown(suite)",
              "err": {},
              "uuid": "0d21a3fc-4afd-407f-a656-382a38fc10a6",
              "parentUUID": "8aaef5bd-44bf-43ed-b014-3cb61f143fed",
              "isHook": true,
              "skipped": false
            },
            {
              "title": "\"after each\" hook: codeceptjs.after in \"Login\"",
              "fullTitle": "Login \"after each\" hook: codeceptjs.after in \"Login\"",
              "timedOut": false,
              "duration": 561,
              "state": null,
              "speed": null,
              "pass": false,
              "fail": false,
              "pending": false,
              "context": null,
              "code": "scenario.teardown(suite)",
              "err": {},
              "uuid": "4f93b75b-00da-42d8-9973-8f3793a48935",
              "parentUUID": "8aaef5bd-44bf-43ed-b014-3cb61f143fed",
              "isHook": true,
              "skipped": false
            }
          ],
          "tests": [
            {
              "title": "Login com sucesso",
              "fullTitle": "Login Login com sucesso",
              "timedOut": false,
              "duration": 6264,
              "state": "passed",
              "speed": "slow",
              "pass": true,
              "fail": false,
              "pending": false,
              "context": null,
              "code": "runSteps(child.steps)",
              "err": {},
              "uuid": "c8ee6b41-f4a2-40e9-8a49-9934f388644c",
              "parentUUID": "8aaef5bd-44bf-43ed-b014-3cb61f143fed",
              "isHook": false,
              "skipped": false
            }
          ],
          "suites": [],
          "passes": [
            "c8ee6b41-f4a2-40e9-8a49-9934f388644c"
          ],
          "failures": [],
          "pending": [],
          "skipped": [],
          "duration": 6264,
          "root": false,
          "rootEmpty": false,
          "_timeout": 0
        },
        {
          "uuid": "0bc119ce-8bf3-4f81-b785-597d368d802f",
          "title": "login",
          "fullFile": "C:\\Users\\TESTING COMPANY\\Desktop\\testeAutomatizacaoAndroid\\test\\login_test.js",
          "file": "\\test\\login_test.js",
          "beforeHooks": [
            {
              "title": "\"before all\" hook: codeceptjs.beforeSuite in \"login\"",
              "fullTitle": "login \"before all\" hook: codeceptjs.beforeSuite in \"login\"",
              "timedOut": false,
              "duration": 1,
              "state": null,
              "speed": null,
              "pass": false,
              "fail": false,
              "pending": false,
              "context": null,
              "code": "scenario.suiteSetup(suite)",
              "err": {},
              "uuid": "4b7cf967-ab80-4dd8-af37-8e4d94d9793e",
              "parentUUID": "0bc119ce-8bf3-4f81-b785-597d368d802f",
              "isHook": true,
              "skipped": false
            },
            {
              "title": "\"before all\" hook: BeforeSuite in \"login\"",
              "fullTitle": "login \"before all\" hook: BeforeSuite in \"login\"",
              "timedOut": false,
              "duration": 5,
              "state": null,
              "speed": null,
              "pass": false,
              "fail": false,
              "pending": false,
              "context": null,
              "code": "console.log('antes de tudo')",
              "err": {},
              "uuid": "99e5859d-b95f-46ee-b1ed-2afb5bcfcb4a",
              "parentUUID": "0bc119ce-8bf3-4f81-b785-597d368d802f",
              "isHook": true,
              "skipped": false
            },
            {
              "title": "\"before each\" hook: codeceptjs.before in \"login\"",
              "fullTitle": "login \"before each\" hook: codeceptjs.before in \"login\"",
              "timedOut": false,
              "duration": 9697,
              "state": null,
              "speed": null,
              "pass": false,
              "fail": false,
              "pending": false,
              "context": null,
              "code": "scenario.setup(suite)",
              "err": {},
              "uuid": "59d81826-d415-4066-ab61-965de07bf988",
              "parentUUID": "0bc119ce-8bf3-4f81-b785-597d368d802f",
              "isHook": true,
              "skipped": false
            },
            {
              "title": "\"before each\" hook: Before in \"login\"",
              "fullTitle": "login \"before each\" hook: Before in \"login\"",
              "timedOut": false,
              "duration": 8,
              "state": null,
              "speed": null,
              "pass": false,
              "fail": false,
              "pending": false,
              "context": null,
              "code": "console.log(\"////////////////////////////////\");",
              "err": {},
              "uuid": "c5616552-49db-4f0d-9820-cf3bcb79dbca",
              "parentUUID": "0bc119ce-8bf3-4f81-b785-597d368d802f",
              "isHook": true,
              "skipped": false
            }
          ],
          "afterHooks": [
            {
              "title": "\"after all\" hook: codeceptjs.afterSuite in \"login\"",
              "fullTitle": "login \"after all\" hook: codeceptjs.afterSuite in \"login\"",
              "timedOut": false,
              "duration": 0,
              "state": null,
              "speed": null,
              "pass": false,
              "fail": false,
              "pending": false,
              "context": null,
              "code": "scenario.suiteTeardown(suite)",
              "err": {},
              "uuid": "d58345c6-2503-4a10-88b4-0f8749e70709",
              "parentUUID": "0bc119ce-8bf3-4f81-b785-597d368d802f",
              "isHook": true,
              "skipped": false
            },
            {
              "title": "\"after each\" hook: finalize codeceptjs in \"login\"",
              "fullTitle": "login \"after each\" hook: finalize codeceptjs in \"login\"",
              "timedOut": false,
              "duration": 584,
              "state": null,
              "speed": null,
              "pass": false,
              "fail": false,
              "pending": false,
              "context": null,
              "code": "scenario.teardown(suite)",
              "err": {},
              "uuid": "3445b2bc-ce93-46e6-adab-f624ffce3662",
              "parentUUID": "0bc119ce-8bf3-4f81-b785-597d368d802f",
              "isHook": true,
              "skipped": false
            }
          ],
          "tests": [
            {
              "title": "Login with sucess",
              "fullTitle": "login: Login with sucess",
              "timedOut": false,
              "duration": 5680,
              "state": "passed",
              "speed": "slow",
              "pass": true,
              "fail": false,
              "pending": false,
              "context": null,
              "code": "I}) => {\n    loginPage.loginConta(\"teste@teste.com\", \"123456\");\n    homePage.checarLogin();",
              "err": {},
              "uuid": "4581bc60-e06e-4f02-8ce3-eb605e02f30b",
              "parentUUID": "0bc119ce-8bf3-4f81-b785-597d368d802f",
              "isHook": false,
              "skipped": false
            },
            {
              "title": "Login fail",
              "fullTitle": "login: Login fail",
              "timedOut": false,
              "duration": 5617,
              "state": "passed",
              "speed": "slow",
              "pass": true,
              "fail": false,
              "pending": false,
              "context": null,
              "code": "I}) =>{\n   \n    loginPage.loginConta(\"email@errados\", \"123456\");\n    loginPage.checarLoginErrado();",
              "err": {},
              "uuid": "8ee6f454-29cb-44a4-be1b-827cc82962aa",
              "parentUUID": "0bc119ce-8bf3-4f81-b785-597d368d802f",
              "isHook": false,
              "skipped": false
            }
          ],
          "suites": [],
          "passes": [
            "4581bc60-e06e-4f02-8ce3-eb605e02f30b",
            "8ee6f454-29cb-44a4-be1b-827cc82962aa"
          ],
          "failures": [],
          "pending": [],
          "skipped": [],
          "duration": 11297,
          "root": false,
          "rootEmpty": false,
          "_timeout": 0
        },
        {
          "uuid": "92995e1f-653b-4bf9-9c3f-c5fd275d0ff6",
          "title": "Studant",
          "fullFile": "C:\\Users\\TESTING COMPANY\\Desktop\\testeAutomatizacaoAndroid\\test\\studante_test.js",
          "file": "\\test\\studante_test.js",
          "beforeHooks": [
            {
              "title": "\"before all\" hook: codeceptjs.beforeSuite in \"Studant\"",
              "fullTitle": "Studant \"before all\" hook: codeceptjs.beforeSuite in \"Studant\"",
              "timedOut": false,
              "duration": 1,
              "state": null,
              "speed": null,
              "pass": false,
              "fail": false,
              "pending": false,
              "context": null,
              "code": "scenario.suiteSetup(suite)",
              "err": {},
              "uuid": "2f749b04-c78f-40b6-9953-33b689de0193",
              "parentUUID": "92995e1f-653b-4bf9-9c3f-c5fd275d0ff6",
              "isHook": true,
              "skipped": false
            },
            {
              "title": "\"before each\" hook: codeceptjs.before in \"Studant\"",
              "fullTitle": "Studant \"before each\" hook: codeceptjs.before in \"Studant\"",
              "timedOut": false,
              "duration": 9800,
              "state": null,
              "speed": null,
              "pass": false,
              "fail": false,
              "pending": false,
              "context": null,
              "code": "scenario.setup(suite)",
              "err": {},
              "uuid": "43dd1e97-15e8-4fe3-90ef-352b8510709b",
              "parentUUID": "92995e1f-653b-4bf9-9c3f-c5fd275d0ff6",
              "isHook": true,
              "skipped": false
            }
          ],
          "afterHooks": [
            {
              "title": "\"after all\" hook: codeceptjs.afterSuite in \"Studant\"",
              "fullTitle": "Studant \"after all\" hook: codeceptjs.afterSuite in \"Studant\"",
              "timedOut": false,
              "duration": 1,
              "state": null,
              "speed": null,
              "pass": false,
              "fail": false,
              "pending": false,
              "context": null,
              "code": "scenario.suiteTeardown(suite)",
              "err": {},
              "uuid": "454a0790-2c89-4751-a394-16b8b8a2509c",
              "parentUUID": "92995e1f-653b-4bf9-9c3f-c5fd275d0ff6",
              "isHook": true,
              "skipped": false
            },
            {
              "title": "\"after each\" hook: finalize codeceptjs in \"Studant\"",
              "fullTitle": "Studant \"after each\" hook: finalize codeceptjs in \"Studant\"",
              "timedOut": false,
              "duration": 1103,
              "state": null,
              "speed": null,
              "pass": false,
              "fail": false,
              "pending": false,
              "context": null,
              "code": "scenario.teardown(suite)",
              "err": {},
              "uuid": "5c7bd158-7a2b-4676-b654-5a909e2e82b7",
              "parentUUID": "92995e1f-653b-4bf9-9c3f-c5fd275d0ff6",
              "isHook": true,
              "skipped": false
            }
          ],
          "tests": [
            {
              "title": "teste add aluno",
              "fullTitle": "Studant: teste add aluno",
              "timedOut": false,
              "duration": 11340,
              "state": "passed",
              "speed": "slow",
              "pass": true,
              "fail": false,
              "pending": false,
              "context": null,
              "code": "I}) => {\n    loginPage.loginConta(\"teste@teste.com\", \"123456\"); \n    homePage.checarLogin();\n    homePage.preencherEstudante(\"Luiz Kirsch\", \"123465\");\n    homePage.procurarEstudante(\"Luiz Kirsch\", \"123465\");",
              "err": {},
              "uuid": "a990ed45-6993-41b6-ad1b-2231640cc526",
              "parentUUID": "92995e1f-653b-4bf9-9c3f-c5fd275d0ff6",
              "isHook": false,
              "skipped": false
            }
          ],
          "suites": [],
          "passes": [
            "a990ed45-6993-41b6-ad1b-2231640cc526"
          ],
          "failures": [],
          "pending": [],
          "skipped": [],
          "duration": 11340,
          "root": false,
          "rootEmpty": false,
          "_timeout": 0
        }
      ],
      "passes": [],
      "failures": [],
      "pending": [],
      "skipped": [],
      "duration": 0,
      "root": true,
      "rootEmpty": true,
      "_timeout": 0
    }
  ],
  "meta": {
    "mocha": {
      "version": "10.2.0"
    },
    "mochawesome": {
      "options": {
        "quiet": false,
        "reportFilename": "mochawesome",
        "saveHtml": true,
        "saveJson": true,
        "consoleReporter": "spec",
        "useInlineDiffs": false,
        "code": true
      },
      "version": "7.1.3"
    },
    "marge": {
      "options": {},
      "version": "6.2.0"
    }
  }
}